<?xml version="1.0" encoding="UTF-8"?>
<testng-results ignored="0" total="3" passed="2" failed="1" skipped="0">
  <reporter-output>
  </reporter-output>
  <suite started-at="2022-10-16T06:48:54 IST" name="Default suite" finished-at="2022-10-16T06:51:32 IST" duration-ms="158186">
    <groups>
      <group name="regression">
        <method signature="Testbase.ZigwheelsSignInTest()[pri:3, instance:com.identifyNewBikes.Testbase@769a1df5]" name="ZigwheelsSignInTest" class="com.identifyNewBikes.Testbase"/>
        <method signature="Testbase.popularUsedCarsTest()[pri:2, instance:com.identifyNewBikes.Testbase@769a1df5]" name="popularUsedCarsTest" class="com.identifyNewBikes.Testbase"/>
      </group> <!-- regression -->
      <group name="smoke">
        <method signature="Testbase.ZigwheelsSignInTest()[pri:3, instance:com.identifyNewBikes.Testbase@769a1df5]" name="ZigwheelsSignInTest" class="com.identifyNewBikes.Testbase"/>
        <method signature="Testbase.upcomingBikesTest()[pri:1, instance:com.identifyNewBikes.Testbase@769a1df5]" name="upcomingBikesTest" class="com.identifyNewBikes.Testbase"/>
      </group> <!-- smoke -->
    </groups>
    <test started-at="2022-10-16T06:48:54 IST" name="Default test" finished-at="2022-10-16T06:51:32 IST" duration-ms="158186">
      <class name="com.identifyNewBikes.Testbase">
        <test-method is-config="true" signature="init()[pri:0, instance:com.identifyNewBikes.Testbase@769a1df5]" started-at="2022-10-16T06:48:54 IST" name="init" finished-at="2022-10-16T06:49:05 IST" duration-ms="11371" status="PASS">
          <reporter-output>
          </reporter-output>
        </test-method> <!-- init -->
        <test-method signature="upcomingBikesTest()[pri:1, instance:com.identifyNewBikes.Testbase@769a1df5]" started-at="2022-10-16T06:49:05 IST" name="upcomingBikesTest" finished-at="2022-10-16T06:49:15 IST" duration-ms="10192" status="PASS">
          <reporter-output>
          </reporter-output>
        </test-method> <!-- upcomingBikesTest -->
        <test-method signature="popularUsedCarsTest()[pri:2, instance:com.identifyNewBikes.Testbase@769a1df5]" started-at="2022-10-16T06:49:15 IST" name="popularUsedCarsTest" finished-at="2022-10-16T06:51:18 IST" duration-ms="122687" status="PASS">
          <reporter-output>
          </reporter-output>
        </test-method> <!-- popularUsedCarsTest -->
        <test-method signature="ZigwheelsSignInTest()[pri:3, instance:com.identifyNewBikes.Testbase@769a1df5]" started-at="2022-10-16T06:51:18 IST" name="ZigwheelsSignInTest" finished-at="2022-10-16T06:51:30 IST" duration-ms="12038" status="FAIL">
          <exception class="java.lang.AssertionError">
            <message>
              <![CDATA[The following asserts failed:
expected [Upcoming Bikes in India 2021/22, See Price, Launch Date, Specs @ ZigWheels] but found [Upcoming Bikes in India 2022/23, See Price, Launch Date, Specs @ ZigWheels],
expected [Upcoming Honda Bikes in India 2021/22, See Price, Launch Date, Specs @ ZigWheels] but found [Upcoming Honda Bikes in India 2022/23, See Price, Launch Date, Specs @ ZigWheels]]]>
            </message>
            <full-stacktrace>
              <![CDATA[java.lang.AssertionError: The following asserts failed:
expected [Upcoming Bikes in India 2021/22, See Price, Launch Date, Specs @ ZigWheels] but found [Upcoming Bikes in India 2022/23, See Price, Launch Date, Specs @ ZigWheels],
expected [Upcoming Honda Bikes in India 2021/22, See Price, Launch Date, Specs @ ZigWheels] but found [Upcoming Honda Bikes in India 2022/23, See Price, Launch Date, Specs @ ZigWheels]
at org.testng.asserts.SoftAssert.assertAll(SoftAssert.java:47)
at org.testng.asserts.SoftAssert.assertAll(SoftAssert.java:31)
at com.identifyNewBikes.ZigWheelsSignIn.googleSignIn(ZigWheelsSignIn.java:21)
at com.identifyNewBikes.Testbase.ZigwheelsSignInTest(Testbase.java:58)
at java.base/jdk.internal.reflect.NativeMethodAccessorImpl.invoke0(Native Method)
at java.base/jdk.internal.reflect.NativeMethodAccessorImpl.invoke(NativeMethodAccessorImpl.java:64)
at java.base/jdk.internal.reflect.DelegatingMethodAccessorImpl.invoke(DelegatingMethodAccessorImpl.java:43)
at java.base/java.lang.reflect.Method.invoke(Method.java:564)
at org.testng.internal.MethodInvocationHelper.invokeMethod(MethodInvocationHelper.java:133)
at org.testng.internal.TestInvoker.invokeMethod(TestInvoker.java:598)
at org.testng.internal.TestInvoker.invokeTestMethod(TestInvoker.java:173)
at org.testng.internal.MethodRunner.runInSequence(MethodRunner.java:46)
at org.testng.internal.TestInvoker$MethodInvocationAgent.invoke(TestInvoker.java:824)
at org.testng.internal.TestInvoker.invokeTestMethods(TestInvoker.java:146)
at org.testng.internal.TestMethodWorker.invokeTestMethods(TestMethodWorker.java:146)
at org.testng.internal.TestMethodWorker.run(TestMethodWorker.java:128)
at java.base/java.util.ArrayList.forEach(ArrayList.java:1511)
at org.testng.TestRunner.privateRun(TestRunner.java:794)
at org.testng.TestRunner.run(TestRunner.java:596)
at org.testng.SuiteRunner.runTest(SuiteRunner.java:377)
at org.testng.SuiteRunner.runSequentially(SuiteRunner.java:371)
at org.testng.SuiteRunner.privateRun(SuiteRunner.java:332)
at org.testng.SuiteRunner.run(SuiteRunner.java:276)
at org.testng.SuiteRunnerWorker.runSuite(SuiteRunnerWorker.java:53)
at org.testng.SuiteRunnerWorker.run(SuiteRunnerWorker.java:96)
at org.testng.TestNG.runSuitesSequentially(TestNG.java:1212)
at org.testng.TestNG.runSuitesLocally(TestNG.java:1134)
at org.testng.TestNG.runSuites(TestNG.java:1063)
at org.testng.TestNG.run(TestNG.java:1031)
at org.testng.remote.AbstractRemoteTestNG.run(AbstractRemoteTestNG.java:115)
at org.testng.remote.RemoteTestNG.initAndRun(RemoteTestNG.java:251)
at org.testng.remote.RemoteTestNG.main(RemoteTestNG.java:77)
]]>
            </full-stacktrace>
          </exception> <!-- java.lang.AssertionError -->
          <reporter-output>
          </reporter-output>
        </test-method> <!-- ZigwheelsSignInTest -->
        <test-method is-config="true" signature="closeDriver()[pri:0, instance:com.identifyNewBikes.Testbase@769a1df5]" started-at="2022-10-16T06:51:30 IST" name="closeDriver" finished-at="2022-10-16T06:51:32 IST" duration-ms="1829" status="PASS">
          <reporter-output>
          </reporter-output>
        </test-method> <!-- closeDriver -->
      </class> <!-- com.identifyNewBikes.Testbase -->
    </test> <!-- Default test -->
  </suite> <!-- Default suite -->
</testng-results>
